# JRE version: Java(TM) SE Runtime Environment (8.0_144-b01) (build 1.8.0_144-b01)
# Java VM: Java HotSpot(TM) 64-Bit Server VM (25.144-b01 mixed mode windows-amd64 compressed oops)
Heap:
 PSYoungGen      total 148480K, used 90135K [0x00000000ebd00000, 0x00000000f8800000, 0x0000000100000000)
  eden space 134656K, 66% used [0x00000000ebd00000,0x00000000f1505ef8,0x00000000f4080000)
  from space 13824K, 0% used [0x00000000f4080000,0x00000000f4080000,0x00000000f4e00000)
  to   space 13824K, 0% used [0x00000000f7a80000,0x00000000f7a80000,0x00000000f8800000)
 ParOldGen       total 55808K, used 19742K [0x00000000c3600000, 0x00000000c6c80000, 0x00000000ebd00000)
  object space 55808K, 35% used [0x00000000c3600000,0x00000000c4947800,0x00000000c6c80000)
 Metaspace       used 36853K, capacity 38214K, committed 38524K, reserved 1083392K
  class space    used 4955K, capacity 5240K, committed 5248K, reserved 1048576K
GC Heap History (10 events):
Event: 2.720 GC heap before
{Heap before GC invocations=9 (full 1):
 PSYoungGen      total 70144K, used 63488K [0x00000000ebd00000, 0x00000000f4700000, 0x0000000100000000)
  eden space 63488K, 100% used [0x00000000ebd00000,0x00000000efb00000,0x00000000efb00000)
  from space 6656K, 0% used [0x00000000efb00000,0x00000000efb00000,0x00000000f0180000)
  to   space 7168K, 0% used [0x00000000f4000000,0x00000000f4000000,0x00000000f4700000)
 ParOldGen       total 35328K, used 9400K [0x00000000c3600000, 0x00000000c5880000, 0x00000000ebd00000)
  object space 35328K, 26% used [0x00000000c3600000,0x00000000c3f2e190,0x00000000c5880000)
 Metaspace       used 24629K, capacity 25352K, committed 25596K, reserved 1071104K
  class space    used 3324K, capacity 3517K, committed 3584K, reserved 1048576K
Event: 2.728 GC heap after
Heap after GC invocations=9 (full 1):
 PSYoungGen      total 108544K, used 7142K [0x00000000ebd00000, 0x00000000f4700000, 0x0000000100000000)
  eden space 101376K, 0% used [0x00000000ebd00000,0x00000000ebd00000,0x00000000f2000000)
  from space 7168K, 99% used [0x00000000f4000000,0x00000000f46f9bf0,0x00000000f4700000)
  to   space 8704K, 0% used [0x00000000f3600000,0x00000000f3600000,0x00000000f3e80000)
 ParOldGen       total 35328K, used 11684K [0x00000000c3600000, 0x00000000c5880000, 0x00000000ebd00000)
  object space 35328K, 33% used [0x00000000c3600000,0x00000000c4169220,0x00000000c5880000)
 Metaspace       used 24629K, capacity 25352K, committed 25596K, reserved 1071104K
  class space    used 3324K, capacity 3517K, committed 3584K, reserved 1048576K
}
Event: 4.237 GC heap before
{Heap before GC invocations=10 (full 1):
 PSYoungGen      total 108544K, used 108518K [0x00000000ebd00000, 0x00000000f4700000, 0x0000000100000000)
  eden space 101376K, 100% used [0x00000000ebd00000,0x00000000f2000000,0x00000000f2000000)
  from space 7168K, 99% used [0x00000000f4000000,0x00000000f46f9bf0,0x00000000f4700000)
  to   space 8704K, 0% used [0x00000000f3600000,0x00000000f3600000,0x00000000f3e80000)
 ParOldGen       total 35328K, used 11684K [0x00000000c3600000, 0x00000000c5880000, 0x00000000ebd00000)
  object space 35328K, 33% used [0x00000000c3600000,0x00000000c4169220,0x00000000c5880000)
 Metaspace       used 31146K, capacity 32228K, committed 32380K, reserved 1077248K
  class space    used 4152K, capacity 4415K, committed 4480K, reserved 1048576K
Event: 4.263 GC heap after
Heap after GC invocations=10 (full 1):
 PSYoungGen      total 132608K, used 8688K [0x00000000ebd00000, 0x00000000f5b00000, 0x0000000100000000)
  eden space 123904K, 0% used [0x00000000ebd00000,0x00000000ebd00000,0x00000000f3600000)
  from space 8704K, 99% used [0x00000000f3600000,0x00000000f3e7c030,0x00000000f3e80000)
  to   space 13312K, 0% used [0x00000000f4e00000,0x00000000f4e00000,0x00000000f5b00000)
 ParOldGen       total 35328K, used 20296K [0x00000000c3600000, 0x00000000c5880000, 0x00000000ebd00000)
  object space 35328K, 57% used [0x00000000c3600000,0x00000000c49d22b0,0x00000000c5880000)
 Metaspace       used 31146K, capacity 32228K, committed 32380K, reserved 1077248K
  class space    used 4152K, capacity 4415K, committed 4480K, reserved 1048576K
}
Event: 14.904 GC heap before
{Heap before GC invocations=11 (full 1):
 PSYoungGen      total 132608K, used 132592K [0x00000000ebd00000, 0x00000000f5b00000, 0x0000000100000000)
  eden space 123904K, 100% used [0x00000000ebd00000,0x00000000f3600000,0x00000000f3600000)
  from space 8704K, 99% used [0x00000000f3600000,0x00000000f3e7c030,0x00000000f3e80000)
  to   space 13312K, 0% used [0x00000000f4e00000,0x00000000f4e00000,0x00000000f5b00000)
 ParOldGen       total 35328K, used 20296K [0x00000000c3600000, 0x00000000c5880000, 0x00000000ebd00000)
  object space 35328K, 57% used [0x00000000c3600000,0x00000000c49d22b0,0x00000000c5880000)
 Metaspace       used 33811K, capacity 35142K, committed 35324K, reserved 1079296K
  class space    used 4533K, capacity 4806K, committed 4864K, reserved 1048576K
Event: 14.934 GC heap after
Heap after GC invocations=11 (full 1):
 PSYoungGen      total 147968K, used 9652K [0x00000000ebd00000, 0x00000000f7480000, 0x0000000100000000)
  eden space 134656K, 0% used [0x00000000ebd00000,0x00000000ebd00000,0x00000000f4080000)
  from space 13312K, 72% used [0x00000000f4e00000,0x00000000f576d108,0x00000000f5b00000)
  to   space 13824K, 0% used [0x00000000f4080000,0x00000000f4080000,0x00000000f4e00000)
 ParOldGen       total 35328K, used 22456K [0x00000000c3600000, 0x00000000c5880000, 0x00000000ebd00000)
  object space 35328K, 63% used [0x00000000c3600000,0x00000000c4bee2b0,0x00000000c5880000)
 Metaspace       used 33811K, capacity 35142K, committed 35324K, reserved 1079296K
  class space    used 4533K, capacity 4806K, committed 4864K, reserved 1048576K
}
Event: 15.082 GC heap before
{Heap before GC invocations=12 (full 1):
 PSYoungGen      total 147968K, used 18136K [0x00000000ebd00000, 0x00000000f7480000, 0x0000000100000000)
  eden space 134656K, 6% used [0x00000000ebd00000,0x00000000ec5491d0,0x00000000f4080000)
  from space 13312K, 72% used [0x00000000f4e00000,0x00000000f576d108,0x00000000f5b00000)
  to   space 13824K, 0% used [0x00000000f4080000,0x00000000f4080000,0x00000000f4e00000)
 ParOldGen       total 35328K, used 22456K [0x00000000c3600000, 0x00000000c5880000, 0x00000000ebd00000)
  object space 35328K, 63% used [0x00000000c3600000,0x00000000c4bee2b0,0x00000000c5880000)
 Metaspace       used 34601K, capacity 35950K, committed 36048K, reserved 1081344K
  class space    used 4636K, capacity 4914K, committed 4992K, reserved 1048576K
Event: 15.094 GC heap after
Heap after GC invocations=12 (full 1):
 PSYoungGen      total 148480K, used 4329K [0x00000000ebd00000, 0x00000000f8800000, 0x0000000100000000)
  eden space 134656K, 0% used [0x00000000ebd00000,0x00000000ebd00000,0x00000000f4080000)
  from space 13824K, 31% used [0x00000000f4080000,0x00000000f44ba720,0x00000000f4e00000)
  to   space 13824K, 0% used [0x00000000f7a80000,0x00000000f7a80000,0x00000000f8800000)
 ParOldGen       total 35328K, used 27142K [0x00000000c3600000, 0x00000000c5880000, 0x00000000ebd00000)
  object space 35328K, 76% used [0x00000000c3600000,0x00000000c5081908,0x00000000c5880000)
 Metaspace       used 34601K, capacity 35950K, committed 36048K, reserved 1081344K
  class space    used 4636K, capacity 4914K, committed 4992K, reserved 1048576K
}
Event: 15.094 GC heap before
{Heap before GC invocations=13 (full 2):
 PSYoungGen      total 148480K, used 4329K [0x00000000ebd00000, 0x00000000f8800000, 0x0000000100000000)
  eden space 134656K, 0% used [0x00000000ebd00000,0x00000000ebd00000,0x00000000f4080000)
  from space 13824K, 31% used [0x00000000f4080000,0x00000000f44ba720,0x00000000f4e00000)
  to   space 13824K, 0% used [0x00000000f7a80000,0x00000000f7a80000,0x00000000f8800000)
 ParOldGen       total 35328K, used 27142K [0x00000000c3600000, 0x00000000c5880000, 0x00000000ebd00000)
  object space 35328K, 76% used [0x00000000c3600000,0x00000000c5081908,0x00000000c5880000)
 Metaspace       used 34601K, capacity 35950K, committed 36048K, reserved 1081344K
  class space    used 4636K, capacity 4914K, committed 4992K, reserved 1048576K
Event: 15.224 GC heap after
Heap after GC invocations=13 (full 2):
 PSYoungGen      total 148480K, used 0K [0x00000000ebd00000, 0x00000000f8800000, 0x0000000100000000)
  eden space 134656K, 0% used [0x00000000ebd00000,0x00000000ebd00000,0x00000000f4080000)
  from space 13824K, 0% used [0x00000000f4080000,0x00000000f4080000,0x00000000f4e00000)
  to   space 13824K, 0% used [0x00000000f7a80000,0x00000000f7a80000,0x00000000f8800000)
 ParOldGen       total 55808K, used 19742K [0x00000000c3600000, 0x00000000c6c80000, 0x00000000ebd00000)
  object space 55808K, 35% used [0x00000000c3600000,0x00000000c4947800,0x00000000c6c80000)
 Metaspace       used 34601K, capacity 35950K, committed 36048K, reserved 1081344K
  class space    used 4636K, capacity 4914K, committed 4992K, reserved 1048576K
}

