# JRE version: Java(TM) SE Runtime Environment (8.0_144-b01) (build 1.8.0_144-b01)
# Java VM: Java HotSpot(TM) 64-Bit Server VM (25.144-b01 mixed mode windows-amd64 compressed oops)
Heap:
 PSYoungGen      total 135168K, used 53459K [0x00000000ebd00000, 0x00000000f6c80000, 0x0000000100000000)
  eden space 119296K, 44% used [0x00000000ebd00000,0x00000000ef134fb0,0x00000000f3180000)
  from space 15872K, 0% used [0x00000000f3180000,0x00000000f3180000,0x00000000f4100000)
  to   space 15360K, 0% used [0x00000000f5d80000,0x00000000f5d80000,0x00000000f6c80000)
 ParOldGen       total 61440K, used 19489K [0x00000000c3600000, 0x00000000c7200000, 0x00000000ebd00000)
  object space 61440K, 31% used [0x00000000c3600000,0x00000000c4908710,0x00000000c7200000)
 Metaspace       used 39251K, capacity 40598K, committed 40960K, reserved 1085440K
  class space    used 5301K, capacity 5576K, committed 5632K, reserved 1048576K
GC Heap History (10 events):
Event: 3.872 GC heap before
{Heap before GC invocations=9 (full 1):
 PSYoungGen      total 70144K, used 70132K [0x00000000ebd00000, 0x00000000f2d00000, 0x0000000100000000)
  eden space 63488K, 100% used [0x00000000ebd00000,0x00000000efb00000,0x00000000efb00000)
  from space 6656K, 99% used [0x00000000efb00000,0x00000000f017d030,0x00000000f0180000)
  to   space 9216K, 0% used [0x00000000f2400000,0x00000000f2400000,0x00000000f2d00000)
 ParOldGen       total 34816K, used 10712K [0x00000000c3600000, 0x00000000c5800000, 0x00000000ebd00000)
  object space 34816K, 30% used [0x00000000c3600000,0x00000000c4076360,0x00000000c5800000)
 Metaspace       used 27872K, capacity 28878K, committed 29056K, reserved 1075200K
  class space    used 3736K, capacity 3960K, committed 3968K, reserved 1048576K
Event: 3.888 GC heap after
Heap after GC invocations=9 (full 1):
 PSYoungGen      total 102912K, used 9211K [0x00000000ebd00000, 0x00000000f3000000, 0x0000000100000000)
  eden space 93696K, 0% used [0x00000000ebd00000,0x00000000ebd00000,0x00000000f1880000)
  from space 9216K, 99% used [0x00000000f2400000,0x00000000f2cfefa0,0x00000000f2d00000)
  to   space 11776K, 0% used [0x00000000f1880000,0x00000000f1880000,0x00000000f2400000)
 ParOldGen       total 34816K, used 14069K [0x00000000c3600000, 0x00000000c5800000, 0x00000000ebd00000)
  object space 34816K, 40% used [0x00000000c3600000,0x00000000c43bd798,0x00000000c5800000)
 Metaspace       used 27872K, capacity 28878K, committed 29056K, reserved 1075200K
  class space    used 3736K, capacity 3960K, committed 3968K, reserved 1048576K
}
Event: 5.113 GC heap before
{Heap before GC invocations=10 (full 1):
 PSYoungGen      total 102912K, used 102907K [0x00000000ebd00000, 0x00000000f3000000, 0x0000000100000000)
  eden space 93696K, 100% used [0x00000000ebd00000,0x00000000f1880000,0x00000000f1880000)
  from space 9216K, 99% used [0x00000000f2400000,0x00000000f2cfefa0,0x00000000f2d00000)
  to   space 11776K, 0% used [0x00000000f1880000,0x00000000f1880000,0x00000000f2400000)
 ParOldGen       total 34816K, used 14069K [0x00000000c3600000, 0x00000000c5800000, 0x00000000ebd00000)
  object space 34816K, 40% used [0x00000000c3600000,0x00000000c43bd798,0x00000000c5800000)
 Metaspace       used 31291K, capacity 32466K, committed 32768K, reserved 1077248K
  class space    used 4280K, capacity 4552K, committed 4608K, reserved 1048576K
Event: 5.134 GC heap after
Heap after GC invocations=10 (full 1):
 PSYoungGen      total 105472K, used 11748K [0x00000000ebd00000, 0x00000000f5000000, 0x0000000100000000)
  eden space 93696K, 0% used [0x00000000ebd00000,0x00000000ebd00000,0x00000000f1880000)
  from space 11776K, 99% used [0x00000000f1880000,0x00000000f23f90a0,0x00000000f2400000)
  to   space 15360K, 0% used [0x00000000f4100000,0x00000000f4100000,0x00000000f5000000)
 ParOldGen       total 34816K, used 18487K [0x00000000c3600000, 0x00000000c5800000, 0x00000000ebd00000)
  object space 34816K, 53% used [0x00000000c3600000,0x00000000c480dd00,0x00000000c5800000)
 Metaspace       used 31291K, capacity 32466K, committed 32768K, reserved 1077248K
  class space    used 4280K, capacity 4552K, committed 4608K, reserved 1048576K
}
Event: 6.138 GC heap before
{Heap before GC invocations=11 (full 1):
 PSYoungGen      total 105472K, used 105444K [0x00000000ebd00000, 0x00000000f5000000, 0x0000000100000000)
  eden space 93696K, 100% used [0x00000000ebd00000,0x00000000f1880000,0x00000000f1880000)
  from space 11776K, 99% used [0x00000000f1880000,0x00000000f23f90a0,0x00000000f2400000)
  to   space 15360K, 0% used [0x00000000f4100000,0x00000000f4100000,0x00000000f5000000)
 ParOldGen       total 34816K, used 18487K [0x00000000c3600000, 0x00000000c5800000, 0x00000000ebd00000)
  object space 34816K, 53% used [0x00000000c3600000,0x00000000c480dd00,0x00000000c5800000)
 Metaspace       used 33208K, capacity 34480K, committed 34560K, reserved 1079296K
  class space    used 4534K, capacity 4797K, committed 4864K, reserved 1048576K
Event: 6.168 GC heap after
Heap after GC invocations=11 (full 1):
 PSYoungGen      total 134656K, used 10527K [0x00000000ebd00000, 0x00000000f5200000, 0x0000000100000000)
  eden space 119296K, 0% used [0x00000000ebd00000,0x00000000ebd00000,0x00000000f3180000)
  from space 15360K, 68% used [0x00000000f4100000,0x00000000f4b47c10,0x00000000f5000000)
  to   space 15872K, 0% used [0x00000000f3180000,0x00000000f3180000,0x00000000f4100000)
 ParOldGen       total 34816K, used 25962K [0x00000000c3600000, 0x00000000c5800000, 0x00000000ebd00000)
  object space 34816K, 74% used [0x00000000c3600000,0x00000000c4f5abf8,0x00000000c5800000)
 Metaspace       used 33208K, capacity 34480K, committed 34560K, reserved 1079296K
  class space    used 4534K, capacity 4797K, committed 4864K, reserved 1048576K
}
Event: 14.889 GC heap before
{Heap before GC invocations=12 (full 1):
 PSYoungGen      total 134656K, used 41361K [0x00000000ebd00000, 0x00000000f5200000, 0x0000000100000000)
  eden space 119296K, 25% used [0x00000000ebd00000,0x00000000edb1cb90,0x00000000f3180000)
  from space 15360K, 68% used [0x00000000f4100000,0x00000000f4b47c10,0x00000000f5000000)
  to   space 15872K, 0% used [0x00000000f3180000,0x00000000f3180000,0x00000000f4100000)
 ParOldGen       total 34816K, used 25962K [0x00000000c3600000, 0x00000000c5800000, 0x00000000ebd00000)
  object space 34816K, 74% used [0x00000000c3600000,0x00000000c4f5abf8,0x00000000c5800000)
 Metaspace       used 34036K, capacity 35344K, committed 35456K, reserved 1079296K
  class space    used 4651K, capacity 4911K, committed 4992K, reserved 1048576K
Event: 14.900 GC heap after
Heap after GC invocations=12 (full 1):
 PSYoungGen      total 135168K, used 4127K [0x00000000ebd00000, 0x00000000f6c80000, 0x0000000100000000)
  eden space 119296K, 0% used [0x00000000ebd00000,0x00000000ebd00000,0x00000000f3180000)
  from space 15872K, 26% used [0x00000000f3180000,0x00000000f3587c10,0x00000000f4100000)
  to   space 15360K, 0% used [0x00000000f5d80000,0x00000000f5d80000,0x00000000f6c80000)
 ParOldGen       total 34816K, used 28813K [0x00000000c3600000, 0x00000000c5800000, 0x00000000ebd00000)
  object space 34816K, 82% used [0x00000000c3600000,0x00000000c5223568,0x00000000c5800000)
 Metaspace       used 34036K, capacity 35344K, committed 35456K, reserved 1079296K
  class space    used 4651K, capacity 4911K, committed 4992K, reserved 1048576K
}
Event: 14.900 GC heap before
{Heap before GC invocations=13 (full 2):
 PSYoungGen      total 135168K, used 4127K [0x00000000ebd00000, 0x00000000f6c80000, 0x0000000100000000)
  eden space 119296K, 0% used [0x00000000ebd00000,0x00000000ebd00000,0x00000000f3180000)
  from space 15872K, 26% used [0x00000000f3180000,0x00000000f3587c10,0x00000000f4100000)
  to   space 15360K, 0% used [0x00000000f5d80000,0x00000000f5d80000,0x00000000f6c80000)
 ParOldGen       total 34816K, used 28813K [0x00000000c3600000, 0x00000000c5800000, 0x00000000ebd00000)
  object space 34816K, 82% used [0x00000000c3600000,0x00000000c5223568,0x00000000c5800000)
 Metaspace       used 34036K, capacity 35344K, committed 35456K, reserved 1079296K
  class space    used 4651K, capacity 4911K, committed 4992K, reserved 1048576K
Event: 15.047 GC heap after
Heap after GC invocations=13 (full 2):
 PSYoungGen      total 135168K, used 0K [0x00000000ebd00000, 0x00000000f6c80000, 0x0000000100000000)
  eden space 119296K, 0% used [0x00000000ebd00000,0x00000000ebd00000,0x00000000f3180000)
  from space 15872K, 0% used [0x00000000f3180000,0x00000000f3180000,0x00000000f4100000)
  to   space 15360K, 0% used [0x00000000f5d80000,0x00000000f5d80000,0x00000000f6c80000)
 ParOldGen       total 61440K, used 19489K [0x00000000c3600000, 0x00000000c7200000, 0x00000000ebd00000)
  object space 61440K, 31% used [0x00000000c3600000,0x00000000c4908710,0x00000000c7200000)
 Metaspace       used 34036K, capacity 35344K, committed 35456K, reserved 1079296K
  class space    used 4651K, capacity 4911K, committed 4992K, reserved 1048576K
}

